<?xml version="1.0" encoding="UTF-8"?>
<testng-results ignored="0" total="3" passed="3" failed="0" skipped="0">
  <reporter-output>
    <line>
      <![CDATA[User clicked on books and books page is displayed]]>
    </line>
    <line>
      <![CDATA[User clicked on books and books page is displayed]]>
    </line>
    <line>
      <![CDATA[User clicked on books and books page is displayed]]>
    </line>
  </reporter-output>
  <suite started-at="2024-05-02T16:58:45 IST" name="Suite" finished-at="2024-05-02T16:59:05 IST" duration-ms="20424">
    <groups>
    </groups>
    <test started-at="2024-05-02T16:58:45 IST" name="Test2" finished-at="2024-05-02T16:58:59 IST" duration-ms="14107">
      <class name="testng.TestScript">
        <test-method is-config="true" signature="launchBrowser(java.lang.String)[pri:0, instance:testng.TestScript@550dbc7a]" started-at="2024-05-02T16:58:45 IST" name="launchBrowser" finished-at="2024-05-02T16:58:54 IST" duration-ms="9130" status="PASS">
          <params>
            <param index="0">
              <value>
                <![CDATA[edge]]>
              </value>
            </param>
          </params>
          <reporter-output>
          </reporter-output>
        </test-method> <!-- launchBrowser -->
        <test-method is-config="true" signature="login()[pri:0, instance:testng.TestScript@550dbc7a]" started-at="2024-05-02T16:58:54 IST" name="login" finished-at="2024-05-02T16:58:56 IST" duration-ms="2371" status="PASS">
          <reporter-output>
          </reporter-output>
        </test-method> <!-- login -->
        <test-method signature="click()[pri:0, instance:testng.TestScript@550dbc7a]" started-at="2024-05-02T16:58:56 IST" name="click" finished-at="2024-05-02T16:58:57 IST" duration-ms="1235" status="PASS">
          <reporter-output>
            <line>
              <![CDATA[User clicked on books and books page is displayed]]>
            </line>
          </reporter-output>
        </test-method> <!-- click -->
        <test-method is-config="true" signature="logout()[pri:0, instance:testng.TestScript@550dbc7a]" started-at="2024-05-02T16:58:57 IST" name="logout" finished-at="2024-05-02T16:58:58 IST" duration-ms="1024" status="PASS">
          <reporter-output>
          </reporter-output>
        </test-method> <!-- logout -->
        <test-method is-config="true" signature="closeBrowser()[pri:0, instance:testng.TestScript@550dbc7a]" started-at="2024-05-02T16:58:58 IST" name="closeBrowser" finished-at="2024-05-02T16:58:59 IST" duration-ms="320" status="PASS">
          <reporter-output>
          </reporter-output>
        </test-method> <!-- closeBrowser -->
      </class> <!-- testng.TestScript -->
    </test> <!-- Test2 -->
    <test started-at="2024-05-02T16:58:45 IST" name="Test1" finished-at="2024-05-02T16:59:04 IST" duration-ms="19545">
      <class name="testng.TestScript">
        <test-method is-config="true" signature="launchBrowser(java.lang.String)[pri:0, instance:testng.TestScript@614ca7df]" started-at="2024-05-02T16:58:45 IST" name="launchBrowser" finished-at="2024-05-02T16:59:00 IST" duration-ms="15158" status="PASS">
          <params>
            <param index="0">
              <value>
                <![CDATA[chrome]]>
              </value>
            </param>
          </params>
          <reporter-output>
          </reporter-output>
        </test-method> <!-- launchBrowser -->
        <test-method is-config="true" signature="login()[pri:0, instance:testng.TestScript@614ca7df]" started-at="2024-05-02T16:59:00 IST" name="login" finished-at="2024-05-02T16:59:02 IST" duration-ms="1962" status="PASS">
          <reporter-output>
          </reporter-output>
        </test-method> <!-- login -->
        <test-method signature="click()[pri:0, instance:testng.TestScript@614ca7df]" started-at="2024-05-02T16:59:02 IST" name="click" finished-at="2024-05-02T16:59:03 IST" duration-ms="1189" status="PASS">
          <reporter-output>
            <line>
              <![CDATA[User clicked on books and books page is displayed]]>
            </line>
          </reporter-output>
        </test-method> <!-- click -->
        <test-method is-config="true" signature="logout()[pri:0, instance:testng.TestScript@614ca7df]" started-at="2024-05-02T16:59:03 IST" name="logout" finished-at="2024-05-02T16:59:04 IST" duration-ms="1033" status="PASS">
          <reporter-output>
          </reporter-output>
        </test-method> <!-- logout -->
        <test-method is-config="true" signature="closeBrowser()[pri:0, instance:testng.TestScript@614ca7df]" started-at="2024-05-02T16:59:04 IST" name="closeBrowser" finished-at="2024-05-02T16:59:04 IST" duration-ms="182" status="PASS">
          <reporter-output>
          </reporter-output>
        </test-method> <!-- closeBrowser -->
      </class> <!-- testng.TestScript -->
    </test> <!-- Test1 -->
    <test started-at="2024-05-02T16:58:45 IST" name="Test3" finished-at="2024-05-02T16:59:05 IST" duration-ms="20424">
      <class name="testng.TestScript">
        <test-method is-config="true" signature="launchBrowser(java.lang.String)[pri:0, instance:testng.TestScript@23c30a20]" started-at="2024-05-02T16:58:45 IST" name="launchBrowser" finished-at="2024-05-02T16:58:59 IST" duration-ms="14730" status="PASS">
          <params>
            <param index="0">
              <value>
                <![CDATA[firefox]]>
              </value>
            </param>
          </params>
          <reporter-output>
          </reporter-output>
        </test-method> <!-- launchBrowser -->
        <test-method is-config="true" signature="login()[pri:0, instance:testng.TestScript@23c30a20]" started-at="2024-05-02T16:58:59 IST" name="login" finished-at="2024-05-02T16:59:02 IST" duration-ms="2452" status="PASS">
          <reporter-output>
          </reporter-output>
        </test-method> <!-- login -->
        <test-method signature="click()[pri:0, instance:testng.TestScript@23c30a20]" started-at="2024-05-02T16:59:02 IST" name="click" finished-at="2024-05-02T16:59:03 IST" duration-ms="1244" status="PASS">
          <reporter-output>
            <line>
              <![CDATA[User clicked on books and books page is displayed]]>
            </line>
          </reporter-output>
        </test-method> <!-- click -->
        <test-method is-config="true" signature="logout()[pri:0, instance:testng.TestScript@23c30a20]" started-at="2024-05-02T16:59:03 IST" name="logout" finished-at="2024-05-02T16:59:04 IST" duration-ms="1002" status="PASS">
          <reporter-output>
          </reporter-output>
        </test-method> <!-- logout -->
        <test-method is-config="true" signature="closeBrowser()[pri:0, instance:testng.TestScript@23c30a20]" started-at="2024-05-02T16:59:04 IST" name="closeBrowser" finished-at="2024-05-02T16:59:05 IST" duration-ms="972" status="PASS">
          <reporter-output>
          </reporter-output>
        </test-method> <!-- closeBrowser -->
      </class> <!-- testng.TestScript -->
    </test> <!-- Test3 -->
  </suite> <!-- Suite -->
</testng-results>
