<?xml version="1.0" encoding="UTF-8"?>
<!-- Generated by org.testng.reporters.JUnitXMLReporter -->
<testsuite ignored="0" hostname="JagrathShetty" failures="0" tests="4" name="Test" time="7.508" errors="0" timestamp="2024-05-01T12:04:37 IST">
  <testcase classname="testng.Lamborghini" name="launchLamborghini" time="4.272"/>
  <testcase classname="testng.TaTa" name="launchTaTa" time="5.815"/>
  <testcase classname="testng.Ferrari" name="launchFerrari" time="7.312"/>
  <testcase classname="testng.Ford" name="launchFord" time="7.473"/>
</testsuite> <!-- Test -->
